[0.012s] Invoking command in '/home/beyza/turtlebot3_ws/build/turtlebot3_gazebo': CMAKE_PREFIX_PATH=/home/beyza/ros2_ws/install/my_robot_controller:/opt/ros/humble /usr/bin/cmake /home/beyza/turtlebot3_ws/src/turtlebot3_gazebo -DCMAKE_INSTALL_PREFIX=/home/beyza/turtlebot3_ws/install/turtlebot3_gazebo
[0.203s] -- The C compiler identification is GNU 11.3.0
[0.338s] -- The CXX compiler identification is GNU 11.3.0
[0.350s] -- Detecting C compiler ABI info
[0.422s] -- Detecting C compiler ABI info - done
[0.429s] -- Check for working C compiler: /usr/bin/cc - skipped
[0.429s] -- Detecting C compile features
[0.430s] -- Detecting C compile features - done
[0.434s] -- Detecting CXX compiler ABI info
[0.518s] -- Detecting CXX compiler ABI info - done
[0.525s] -- Check for working CXX compiler: /usr/bin/c++ - skipped
[0.525s] -- Detecting CXX compile features
[0.526s] -- Detecting CXX compile features - done
[0.532s] -- Found ament_cmake: 1.3.3 (/opt/ros/humble/share/ament_cmake/cmake)
[0.711s] -- Found Python3: /usr/bin/python3.10 (found version "3.10.6") found components: Interpreter 
[0.842s] [33mCMake Warning (dev) at /usr/share/cmake-3.22/Modules/FindPackageHandleStandardArgs.cmake:438 (message):
[0.843s]   The package name passed to `find_package_handle_standard_args` (PkgConfig)
[0.843s]   does not match the name of the calling package (gazebo).  This can lead to
[0.843s]   problems in calling code that expects `find_package` result variables
[0.843s]   (e.g., `_FOUND`) to follow a certain pattern.
[0.843s] Call Stack (most recent call first):
[0.843s]   /usr/share/cmake-3.22/Modules/FindPkgConfig.cmake:99 (find_package_handle_standard_args)
[0.843s]   /usr/lib/x86_64-linux-gnu/cmake/gazebo/gazebo-config.cmake:72 (include)
[0.843s]   CMakeLists.txt:23 (find_package)
[0.843s] This warning is for project developers.  Use -Wno-dev to suppress it.
[0.843s] [0m
[0.843s] -- Found PkgConfig: /usr/bin/pkg-config (found version "0.29.2") 
[0.846s] -- Checking for module 'bullet>=2.82'
[0.862s] --   Found bullet, version 3.05
[0.965s] -- Found fcl: /usr/include (found suitable version "0.7.0", minimum required is "0.5.0") 
[1.010s] -- Found assimp: /usr/include (found version "5.2.0") 
[1.038s] -- Found DART: /usr/include (Required is at least version "6.6") found components: dart 
[1.224s] -- Found Boost: /usr/lib/x86_64-linux-gnu/cmake/Boost-1.74.0/BoostConfig.cmake (found suitable version "1.74.0", minimum required is "1.40.0") found components: thread system filesystem program_options regex iostreams date_time 
[1.249s] -- Found Protobuf: /usr/lib/x86_64-linux-gnu/libprotobuf.so (found version "3.12.4") 
[1.255s] -- Looking for ignition-math6 -- found version 6.12.0
[1.266s] -- Searching for dependencies of ignition-math6
[1.268s] -- Looking for OGRE...
[1.269s] -- OGRE_PREFIX_WATCH changed.
[1.273s] -- Checking for module 'OGRE'
[1.285s] --   Found OGRE, version 1.9.0
[1.316s] -- Found Ogre Ghadamon (1.9.0)
[1.327s] -- Found OGRE: optimized;/usr/lib/x86_64-linux-gnu/libOgreMain.so;debug;/usr/lib/x86_64-linux-gnu/libOgreMain.so
[1.337s] -- Looking for OGRE_Paging...
[1.342s] -- Found OGRE_Paging: optimized;/usr/lib/x86_64-linux-gnu/libOgrePaging.so;debug;/usr/lib/x86_64-linux-gnu/libOgrePaging.so
[1.342s] -- Looking for OGRE_Terrain...
[1.346s] -- Found OGRE_Terrain: optimized;/usr/lib/x86_64-linux-gnu/libOgreTerrain.so;debug;/usr/lib/x86_64-linux-gnu/libOgreTerrain.so
[1.346s] -- Looking for OGRE_Property...
[1.352s] -- Found OGRE_Property: optimized;/usr/lib/x86_64-linux-gnu/libOgreProperty.so;debug;/usr/lib/x86_64-linux-gnu/libOgreProperty.so
[1.353s] -- Looking for OGRE_RTShaderSystem...
[1.357s] -- Found OGRE_RTShaderSystem: optimized;/usr/lib/x86_64-linux-gnu/libOgreRTShaderSystem.so;debug;/usr/lib/x86_64-linux-gnu/libOgreRTShaderSystem.so
[1.357s] -- Looking for OGRE_Volume...
[1.361s] -- Found OGRE_Volume: optimized;/usr/lib/x86_64-linux-gnu/libOgreVolume.so;debug;/usr/lib/x86_64-linux-gnu/libOgreVolume.so
[1.361s] -- Looking for OGRE_Overlay...
[1.368s] -- Found OGRE_Overlay: optimized;/usr/lib/x86_64-linux-gnu/libOgreOverlay.so;debug;/usr/lib/x86_64-linux-gnu/libOgreOverlay.so
[1.483s] -- Looking for ignition-math6 -- found version 6.12.0
[1.486s] -- Looking for ignition-transport8 -- found version 8.2.1
[1.487s] -- Searching for dependencies of ignition-transport8
[1.552s] -- Found Protobuf: /usr/lib/x86_64-linux-gnu/libprotobuf.so (found suitable version "3.12.4", minimum required is "3") 
[1.622s] -- Checking for module 'uuid'
[1.641s] --   Found uuid, version 2.37.2
[1.670s] -- Found UUID: TRUE  
[1.712s] -- Looking for ignition-msgs5 -- found version 5.8.1
[1.712s] -- Searching for dependencies of ignition-msgs5
[1.733s] -- Looking for ignition-math6 -- found version 6.12.0
[1.739s] -- Checking for module 'tinyxml2'
[1.751s] --   Found tinyxml2, version 9.0.0
[1.782s] -- Looking for ignition-msgs5 -- found version 5.8.1
[1.786s] -- Looking for ignition-common3 -- found version 3.14.0
[1.786s] -- Searching for dependencies of ignition-common3
[1.787s] -- Looking for dlfcn.h - found
[1.788s] -- Looking for libdl - found
[1.790s] -- Found DL: TRUE  
[1.801s] -- Found tinyobjloader: /usr/lib/x86_64-linux-gnu/cmake/tinyobjloader/tinyobjloader-config.cmake (found version "2.0.0") 
[1.802s] -- Searching for <ignition-common3> component [graphics]
[1.805s] -- Looking for ignition-common3-graphics -- found version 3.14.0
[1.805s] -- Searching for dependencies of ignition-common3-graphics
[1.805s] -- Looking for ignition-math6 -- found version 6.12.0
[1.809s] -- Looking for ignition-fuel_tools4 -- found version 4.4.0
[1.809s] -- Searching for dependencies of ignition-fuel_tools4
[1.885s] -- Found CURL: /usr/lib/x86_64-linux-gnu/libcurl.so (found version "7.81.0")  
[1.922s] -- Checking for module 'jsoncpp'
[1.933s] --   Found jsoncpp, version 1.9.5
[1.962s] -- Found JSONCPP: TRUE  
[2.019s] -- Checking for module 'libzip'
[2.029s] --   Found libzip, version 1.7.3
[2.061s] -- Found ZIP: TRUE  
[2.061s] -- Looking for ignition-common3 -- found version 3.14.0
[2.062s] -- Looking for ignition-math6 -- found version 6.12.0
[2.062s] -- Looking for ignition-msgs5 -- found version 5.8.1
[2.092s] -- Found gazebo_ros_pkgs: 3.7.0 (/opt/ros/humble/share/gazebo_ros_pkgs/cmake)
[2.093s] -- Found geometry_msgs: 4.2.3 (/opt/ros/humble/share/geometry_msgs/cmake)
[2.125s] -- Found rosidl_generator_c: 3.1.4 (/opt/ros/humble/share/rosidl_generator_c/cmake)
[2.130s] -- Found rosidl_adapter: 3.1.4 (/opt/ros/humble/share/rosidl_adapter/cmake)
[2.141s] -- Found rosidl_generator_cpp: 3.1.4 (/opt/ros/humble/share/rosidl_generator_cpp/cmake)
[2.156s] -- Using all available rosidl_typesupport_c: rosidl_typesupport_fastrtps_c;rosidl_typesupport_introspection_c
[2.180s] -- Using all available rosidl_typesupport_cpp: rosidl_typesupport_fastrtps_cpp;rosidl_typesupport_introspection_cpp
[2.314s] -- Found nav_msgs: 4.2.3 (/opt/ros/humble/share/nav_msgs/cmake)
[2.417s] -- Found rclcpp: 16.0.3 (/opt/ros/humble/share/rclcpp/cmake)
[2.478s] -- Found rmw_implementation_cmake: 6.1.1 (/opt/ros/humble/share/rmw_implementation_cmake/cmake)
[2.481s] -- Found rmw_cyclonedds_cpp: 1.3.4 (/opt/ros/humble/share/rmw_cyclonedds_cpp/cmake)
[2.517s] -- Using RMW implementation 'rmw_cyclonedds_cpp' as default
[2.529s] -- Found Threads: TRUE  
[2.677s] -- Found sensor_msgs: 4.2.3 (/opt/ros/humble/share/sensor_msgs/cmake)
[2.774s] -- Found tf2: 0.25.2 (/opt/ros/humble/share/tf2/cmake)
[2.855s] -- Configuring done
[2.896s] -- Generating done
[2.899s] -- Build files have been written to: /home/beyza/turtlebot3_ws/build/turtlebot3_gazebo
[2.911s] Invoked command in '/home/beyza/turtlebot3_ws/build/turtlebot3_gazebo' returned '0': CMAKE_PREFIX_PATH=/home/beyza/ros2_ws/install/my_robot_controller:/opt/ros/humble /usr/bin/cmake /home/beyza/turtlebot3_ws/src/turtlebot3_gazebo -DCMAKE_INSTALL_PREFIX=/home/beyza/turtlebot3_ws/install/turtlebot3_gazebo
[2.913s] Invoking command in '/home/beyza/turtlebot3_ws/build/turtlebot3_gazebo': CMAKE_PREFIX_PATH=/home/beyza/ros2_ws/install/my_robot_controller:/opt/ros/humble /usr/bin/cmake --build /home/beyza/turtlebot3_ws/build/turtlebot3_gazebo -- -j12 -l12
[2.966s] [ 25%] [32mBuilding CXX object CMakeFiles/turtlebot3_drive.dir/src/turtlebot3_drive.cpp.o[0m
[2.966s] [ 50%] [32mBuilding CXX object CMakeFiles/obstacles.dir/models/turtlebot3_dqn_world/obstacle_plugin/obstacles.cc.o[0m
[2.966s] [ 50%] [32mBuilding CXX object CMakeFiles/obstacle1.dir/models/turtlebot3_dqn_world/obstacle_plugin/obstacle1.cc.o[0m
[2.966s] [ 25%] [32mBuilding CXX object CMakeFiles/obstacle2.dir/models/turtlebot3_dqn_world/obstacle_plugin/obstacle2.cc.o[0m
[18.402s] [ 62%] [32m[1mLinking CXX shared library libobstacle1.so[0m
[18.577s] [ 75%] [32m[1mLinking CXX shared library libobstacle2.so[0m
[18.752s] [ 87%] [32m[1mLinking CXX shared library libobstacles.so[0m
[18.762s] [ 87%] Built target obstacle1
[18.849s] [100%] [32m[1mLinking CXX executable turtlebot3_drive[0m
[18.947s] [100%] Built target obstacle2
[19.048s] [100%] Built target obstacles
[19.503s] [100%] Built target turtlebot3_drive
[19.516s] Invoked command in '/home/beyza/turtlebot3_ws/build/turtlebot3_gazebo' returned '0': CMAKE_PREFIX_PATH=/home/beyza/ros2_ws/install/my_robot_controller:/opt/ros/humble /usr/bin/cmake --build /home/beyza/turtlebot3_ws/build/turtlebot3_gazebo -- -j12 -l12
[19.547s] Invoking command in '/home/beyza/turtlebot3_ws/build/turtlebot3_gazebo': CMAKE_PREFIX_PATH=/home/beyza/ros2_ws/install/my_robot_controller:/opt/ros/humble /usr/bin/cmake --install /home/beyza/turtlebot3_ws/build/turtlebot3_gazebo
[19.553s] -- Install configuration: ""
[19.553s] -- Installing: /home/beyza/turtlebot3_ws/install/turtlebot3_gazebo/lib/turtlebot3_gazebo/turtlebot3_drive
[19.561s] -- Set runtime path of "/home/beyza/turtlebot3_ws/install/turtlebot3_gazebo/lib/turtlebot3_gazebo/turtlebot3_drive" to ""
[19.561s] -- Installing: /home/beyza/turtlebot3_ws/install/turtlebot3_gazebo/share/turtlebot3_gazebo//launch
[19.561s] -- Installing: /home/beyza/turtlebot3_ws/install/turtlebot3_gazebo/share/turtlebot3_gazebo//launch/robot_state_publisher.launch.py
[19.561s] -- Installing: /home/beyza/turtlebot3_ws/install/turtlebot3_gazebo/share/turtlebot3_gazebo//launch/spawn_turtlebot3.launch.py
[19.561s] -- Installing: /home/beyza/turtlebot3_ws/install/turtlebot3_gazebo/share/turtlebot3_gazebo//launch/empty_world.launch.py
[19.561s] -- Installing: /home/beyza/turtlebot3_ws/install/turtlebot3_gazebo/share/turtlebot3_gazebo//launch/turtlebot3_house.launch.py
[19.561s] -- Installing: /home/beyza/turtlebot3_ws/install/turtlebot3_gazebo/share/turtlebot3_gazebo//launch/turtlebot3_dqn_stage1.launch.py
[19.561s] -- Installing: /home/beyza/turtlebot3_ws/install/turtlebot3_gazebo/share/turtlebot3_gazebo//launch/turtlebot3_world.launch.py
[19.561s] -- Installing: /home/beyza/turtlebot3_ws/install/turtlebot3_gazebo/share/turtlebot3_gazebo//launch/turtlebot3_dqn_stage2.launch.py
[19.561s] -- Installing: /home/beyza/turtlebot3_ws/install/turtlebot3_gazebo/share/turtlebot3_gazebo//launch/turtlebot3_dqn_stage4.launch.py
[19.562s] -- Installing: /home/beyza/turtlebot3_ws/install/turtlebot3_gazebo/share/turtlebot3_gazebo//launch/turtlebot3_dqn_stage3.launch.py
[19.562s] -- Installing: /home/beyza/turtlebot3_ws/install/turtlebot3_gazebo/share/turtlebot3_gazebo//models
[19.562s] -- Installing: /home/beyza/turtlebot3_ws/install/turtlebot3_gazebo/share/turtlebot3_gazebo//models/turtlebot3_burger
[19.562s] -- Installing: /home/beyza/turtlebot3_ws/install/turtlebot3_gazebo/share/turtlebot3_gazebo//models/turtlebot3_burger/model-1_4.sdf
[19.562s] -- Installing: /home/beyza/turtlebot3_ws/install/turtlebot3_gazebo/share/turtlebot3_gazebo//models/turtlebot3_burger/model.config
[19.562s] -- Installing: /home/beyza/turtlebot3_ws/install/turtlebot3_gazebo/share/turtlebot3_gazebo//models/turtlebot3_burger/model.sdf
[19.562s] -- Installing: /home/beyza/turtlebot3_ws/install/turtlebot3_gazebo/share/turtlebot3_gazebo//models/turtlebot3_common
[19.562s] -- Installing: /home/beyza/turtlebot3_ws/install/turtlebot3_gazebo/share/turtlebot3_gazebo//models/turtlebot3_common/meshes
[19.562s] -- Installing: /home/beyza/turtlebot3_ws/install/turtlebot3_gazebo/share/turtlebot3_gazebo//models/turtlebot3_common/meshes/burger_base.dae
[19.562s] -- Installing: /home/beyza/turtlebot3_ws/install/turtlebot3_gazebo/share/turtlebot3_gazebo//models/turtlebot3_common/meshes/tire.dae
[19.562s] -- Installing: /home/beyza/turtlebot3_ws/install/turtlebot3_gazebo/share/turtlebot3_gazebo//models/turtlebot3_common/meshes/r200.dae
[19.562s] -- Installing: /home/beyza/turtlebot3_ws/install/turtlebot3_gazebo/share/turtlebot3_gazebo//models/turtlebot3_common/meshes/lds.dae
[19.562s] -- Installing: /home/beyza/turtlebot3_ws/install/turtlebot3_gazebo/share/turtlebot3_gazebo//models/turtlebot3_common/meshes/waffle_pi_base.dae
[19.563s] -- Installing: /home/beyza/turtlebot3_ws/install/turtlebot3_gazebo/share/turtlebot3_gazebo//models/turtlebot3_common/meshes/waffle_base.dae
[19.563s] -- Installing: /home/beyza/turtlebot3_ws/install/turtlebot3_gazebo/share/turtlebot3_gazebo//models/turtlebot3_common/model.config
[19.563s] -- Installing: /home/beyza/turtlebot3_ws/install/turtlebot3_gazebo/share/turtlebot3_gazebo//models/turtlebot3_waffle_pi
[19.563s] -- Installing: /home/beyza/turtlebot3_ws/install/turtlebot3_gazebo/share/turtlebot3_gazebo//models/turtlebot3_waffle_pi/model-1_4_.sdf
[19.563s] -- Installing: /home/beyza/turtlebot3_ws/install/turtlebot3_gazebo/share/turtlebot3_gazebo//models/turtlebot3_waffle_pi/model.config
[19.563s] -- Installing: /home/beyza/turtlebot3_ws/install/turtlebot3_gazebo/share/turtlebot3_gazebo//models/turtlebot3_waffle_pi/model.sdf
[19.563s] -- Installing: /home/beyza/turtlebot3_ws/install/turtlebot3_gazebo/share/turtlebot3_gazebo//models/turtlebot3_waffle
[19.563s] -- Installing: /home/beyza/turtlebot3_ws/install/turtlebot3_gazebo/share/turtlebot3_gazebo//models/turtlebot3_waffle/model-1_4.sdf
[19.563s] -- Installing: /home/beyza/turtlebot3_ws/install/turtlebot3_gazebo/share/turtlebot3_gazebo//models/turtlebot3_waffle/model.config
[19.563s] -- Installing: /home/beyza/turtlebot3_ws/install/turtlebot3_gazebo/share/turtlebot3_gazebo//models/turtlebot3_waffle/model.sdf
[19.563s] -- Installing: /home/beyza/turtlebot3_ws/install/turtlebot3_gazebo/share/turtlebot3_gazebo//models/turtlebot3_world
[19.564s] -- Installing: /home/beyza/turtlebot3_ws/install/turtlebot3_gazebo/share/turtlebot3_gazebo//models/turtlebot3_world/model-1_4.sdf
[19.564s] -- Installing: /home/beyza/turtlebot3_ws/install/turtlebot3_gazebo/share/turtlebot3_gazebo//models/turtlebot3_world/meshes
[19.564s] -- Installing: /home/beyza/turtlebot3_ws/install/turtlebot3_gazebo/share/turtlebot3_gazebo//models/turtlebot3_world/meshes/wall.dae
[19.564s] -- Installing: /home/beyza/turtlebot3_ws/install/turtlebot3_gazebo/share/turtlebot3_gazebo//models/turtlebot3_world/meshes/hexagon.dae
[19.564s] -- Installing: /home/beyza/turtlebot3_ws/install/turtlebot3_gazebo/share/turtlebot3_gazebo//models/turtlebot3_world/model.config
[19.564s] -- Installing: /home/beyza/turtlebot3_ws/install/turtlebot3_gazebo/share/turtlebot3_gazebo//models/turtlebot3_world/model.sdf
[19.564s] -- Installing: /home/beyza/turtlebot3_ws/install/turtlebot3_gazebo/share/turtlebot3_gazebo//models/turtlebot3_house
[19.564s] -- Installing: /home/beyza/turtlebot3_ws/install/turtlebot3_gazebo/share/turtlebot3_gazebo//models/turtlebot3_house/model.config
[19.564s] -- Installing: /home/beyza/turtlebot3_ws/install/turtlebot3_gazebo/share/turtlebot3_gazebo//models/turtlebot3_house/model.sdf
[19.565s] -- Installing: /home/beyza/turtlebot3_ws/install/turtlebot3_gazebo/share/turtlebot3_gazebo//models/turtlebot3_dqn_world
[19.565s] -- Installing: /home/beyza/turtlebot3_ws/install/turtlebot3_gazebo/share/turtlebot3_gazebo//models/turtlebot3_dqn_world/obstacle_plugin
[19.565s] -- Installing: /home/beyza/turtlebot3_ws/install/turtlebot3_gazebo/share/turtlebot3_gazebo//models/turtlebot3_dqn_world/obstacle_plugin/obstacles.cc
[19.565s] -- Installing: /home/beyza/turtlebot3_ws/install/turtlebot3_gazebo/share/turtlebot3_gazebo//models/turtlebot3_dqn_world/obstacle_plugin/obstacle2.cc
[19.565s] -- Installing: /home/beyza/turtlebot3_ws/install/turtlebot3_gazebo/share/turtlebot3_gazebo//models/turtlebot3_dqn_world/obstacle_plugin/obstacle1.cc
[19.565s] -- Installing: /home/beyza/turtlebot3_ws/install/turtlebot3_gazebo/share/turtlebot3_gazebo//models/turtlebot3_dqn_world/obstacle_plugin/CMakeLists.txt
[19.565s] -- Installing: /home/beyza/turtlebot3_ws/install/turtlebot3_gazebo/share/turtlebot3_gazebo//models/turtlebot3_dqn_world/goal_box
[19.565s] -- Installing: /home/beyza/turtlebot3_ws/install/turtlebot3_gazebo/share/turtlebot3_gazebo//models/turtlebot3_dqn_world/goal_box/model.config
[19.565s] -- Installing: /home/beyza/turtlebot3_ws/install/turtlebot3_gazebo/share/turtlebot3_gazebo//models/turtlebot3_dqn_world/goal_box/model.sdf
[19.566s] -- Installing: /home/beyza/turtlebot3_ws/install/turtlebot3_gazebo/share/turtlebot3_gazebo//models/turtlebot3_dqn_world/obstacle2
[19.566s] -- Installing: /home/beyza/turtlebot3_ws/install/turtlebot3_gazebo/share/turtlebot3_gazebo//models/turtlebot3_dqn_world/obstacle2/model.config
[19.566s] -- Installing: /home/beyza/turtlebot3_ws/install/turtlebot3_gazebo/share/turtlebot3_gazebo//models/turtlebot3_dqn_world/obstacle2/model.sdf
[19.566s] -- Installing: /home/beyza/turtlebot3_ws/install/turtlebot3_gazebo/share/turtlebot3_gazebo//models/turtlebot3_dqn_world/obstacles
[19.566s] -- Installing: /home/beyza/turtlebot3_ws/install/turtlebot3_gazebo/share/turtlebot3_gazebo//models/turtlebot3_dqn_world/obstacles/model.config
[19.566s] -- Installing: /home/beyza/turtlebot3_ws/install/turtlebot3_gazebo/share/turtlebot3_gazebo//models/turtlebot3_dqn_world/obstacles/model.sdf
[19.566s] -- Installing: /home/beyza/turtlebot3_ws/install/turtlebot3_gazebo/share/turtlebot3_gazebo//models/turtlebot3_dqn_world/inner_walls
[19.566s] -- Installing: /home/beyza/turtlebot3_ws/install/turtlebot3_gazebo/share/turtlebot3_gazebo//models/turtlebot3_dqn_world/inner_walls/model.config
[19.566s] -- Installing: /home/beyza/turtlebot3_ws/install/turtlebot3_gazebo/share/turtlebot3_gazebo//models/turtlebot3_dqn_world/inner_walls/model.sdf
[19.566s] -- Installing: /home/beyza/turtlebot3_ws/install/turtlebot3_gazebo/share/turtlebot3_gazebo//models/turtlebot3_dqn_world/model.config
[19.566s] -- Installing: /home/beyza/turtlebot3_ws/install/turtlebot3_gazebo/share/turtlebot3_gazebo//models/turtlebot3_dqn_world/obstacle1
[19.566s] -- Installing: /home/beyza/turtlebot3_ws/install/turtlebot3_gazebo/share/turtlebot3_gazebo//models/turtlebot3_dqn_world/obstacle1/model.config
[19.566s] -- Installing: /home/beyza/turtlebot3_ws/install/turtlebot3_gazebo/share/turtlebot3_gazebo//models/turtlebot3_dqn_world/obstacle1/model.sdf
[19.567s] -- Installing: /home/beyza/turtlebot3_ws/install/turtlebot3_gazebo/share/turtlebot3_gazebo//models/turtlebot3_dqn_world/model.sdf
[19.567s] -- Installing: /home/beyza/turtlebot3_ws/install/turtlebot3_gazebo/share/turtlebot3_gazebo//rviz
[19.567s] -- Installing: /home/beyza/turtlebot3_ws/install/turtlebot3_gazebo/share/turtlebot3_gazebo//rviz/tb3_gazebo.rviz
[19.567s] -- Installing: /home/beyza/turtlebot3_ws/install/turtlebot3_gazebo/share/turtlebot3_gazebo//urdf
[19.567s] -- Installing: /home/beyza/turtlebot3_ws/install/turtlebot3_gazebo/share/turtlebot3_gazebo//urdf/turtlebot3_waffle.urdf
[19.567s] -- Installing: /home/beyza/turtlebot3_ws/install/turtlebot3_gazebo/share/turtlebot3_gazebo//urdf/turtlebot3_burger.urdf
[19.567s] -- Installing: /home/beyza/turtlebot3_ws/install/turtlebot3_gazebo/share/turtlebot3_gazebo//urdf/turtlebot3_waffle_pi.urdf
[19.567s] -- Installing: /home/beyza/turtlebot3_ws/install/turtlebot3_gazebo/share/turtlebot3_gazebo//urdf/common_properties.urdf
[19.567s] -- Installing: /home/beyza/turtlebot3_ws/install/turtlebot3_gazebo/share/turtlebot3_gazebo//worlds
[19.567s] -- Installing: /home/beyza/turtlebot3_ws/install/turtlebot3_gazebo/share/turtlebot3_gazebo//worlds/empty_world.world
[19.567s] -- Installing: /home/beyza/turtlebot3_ws/install/turtlebot3_gazebo/share/turtlebot3_gazebo//worlds/turtlebot3_dqn_stage1.world
[19.568s] -- Installing: /home/beyza/turtlebot3_ws/install/turtlebot3_gazebo/share/turtlebot3_gazebo//worlds/turtlebot3_dqn_stage2.world
[19.568s] -- Installing: /home/beyza/turtlebot3_ws/install/turtlebot3_gazebo/share/turtlebot3_gazebo//worlds/turtlebot3_world.world
[19.568s] -- Installing: /home/beyza/turtlebot3_ws/install/turtlebot3_gazebo/share/turtlebot3_gazebo//worlds/turtlebot3_dqn_stage3.world
[19.568s] -- Installing: /home/beyza/turtlebot3_ws/install/turtlebot3_gazebo/share/turtlebot3_gazebo//worlds/turtlebot3_house.world
[19.568s] -- Installing: /home/beyza/turtlebot3_ws/install/turtlebot3_gazebo/share/turtlebot3_gazebo//worlds/turtlebot3_dqn_stage4.world
[19.568s] -- Installing: /home/beyza/turtlebot3_ws/install/turtlebot3_gazebo/include/
[19.568s] -- Installing: /home/beyza/turtlebot3_ws/install/turtlebot3_gazebo/include//turtlebot3_gazebo
[19.568s] -- Installing: /home/beyza/turtlebot3_ws/install/turtlebot3_gazebo/include//turtlebot3_gazebo/turtlebot3_drive.hpp
[19.568s] -- Installing: /home/beyza/turtlebot3_ws/install/turtlebot3_gazebo/share/ament_index/resource_index/package_run_dependencies/turtlebot3_gazebo
[19.569s] -- Installing: /home/beyza/turtlebot3_ws/install/turtlebot3_gazebo/share/ament_index/resource_index/parent_prefix_path/turtlebot3_gazebo
[19.569s] -- Installing: /home/beyza/turtlebot3_ws/install/turtlebot3_gazebo/share/turtlebot3_gazebo/environment/ament_prefix_path.sh
[19.569s] -- Installing: /home/beyza/turtlebot3_ws/install/turtlebot3_gazebo/share/turtlebot3_gazebo/environment/ament_prefix_path.dsv
[19.569s] -- Installing: /home/beyza/turtlebot3_ws/install/turtlebot3_gazebo/share/turtlebot3_gazebo/environment/path.sh
[19.569s] -- Installing: /home/beyza/turtlebot3_ws/install/turtlebot3_gazebo/share/turtlebot3_gazebo/environment/path.dsv
[19.569s] -- Installing: /home/beyza/turtlebot3_ws/install/turtlebot3_gazebo/share/turtlebot3_gazebo/local_setup.bash
[19.570s] -- Installing: /home/beyza/turtlebot3_ws/install/turtlebot3_gazebo/share/turtlebot3_gazebo/local_setup.sh
[19.570s] -- Installing: /home/beyza/turtlebot3_ws/install/turtlebot3_gazebo/share/turtlebot3_gazebo/local_setup.zsh
[19.570s] -- Installing: /home/beyza/turtlebot3_ws/install/turtlebot3_gazebo/share/turtlebot3_gazebo/local_setup.dsv
[19.570s] -- Installing: /home/beyza/turtlebot3_ws/install/turtlebot3_gazebo/share/turtlebot3_gazebo/package.dsv
[19.570s] -- Installing: /home/beyza/turtlebot3_ws/install/turtlebot3_gazebo/share/ament_index/resource_index/packages/turtlebot3_gazebo
[19.570s] -- Installing: /home/beyza/turtlebot3_ws/install/turtlebot3_gazebo/share/turtlebot3_gazebo/cmake/ament_cmake_export_include_directories-extras.cmake
[19.570s] -- Installing: /home/beyza/turtlebot3_ws/install/turtlebot3_gazebo/share/turtlebot3_gazebo/cmake/ament_cmake_export_dependencies-extras.cmake
[19.571s] -- Installing: /home/beyza/turtlebot3_ws/install/turtlebot3_gazebo/share/turtlebot3_gazebo/cmake/turtlebot3_gazeboConfig.cmake
[19.571s] -- Installing: /home/beyza/turtlebot3_ws/install/turtlebot3_gazebo/share/turtlebot3_gazebo/cmake/turtlebot3_gazeboConfig-version.cmake
[19.571s] -- Installing: /home/beyza/turtlebot3_ws/install/turtlebot3_gazebo/share/turtlebot3_gazebo/package.xml
[19.576s] Invoked command in '/home/beyza/turtlebot3_ws/build/turtlebot3_gazebo' returned '0': CMAKE_PREFIX_PATH=/home/beyza/ros2_ws/install/my_robot_controller:/opt/ros/humble /usr/bin/cmake --install /home/beyza/turtlebot3_ws/build/turtlebot3_gazebo
