[0.550s] DEBUG:colcon:Command line arguments: ['/usr/bin/colcon', 'build']
[0.550s] DEBUG:colcon:Parsed command line arguments: Namespace(log_base=None, log_level=None, verb_name='build', build_base='build', install_base='install', merge_install=False, symlink_install=False, test_result_base=None, continue_on_error=False, executor='parallel', parallel_workers=12, event_handlers=None, ignore_user_meta=False, metas=['./colcon.meta'], base_paths=['.'], packages_ignore=None, packages_ignore_regex=None, paths=None, packages_up_to=None, packages_up_to_regex=None, packages_above=None, packages_above_and_dependencies=None, packages_above_depth=None, packages_select_by_dep=None, packages_skip_by_dep=None, packages_skip_up_to=None, packages_select_build_failed=False, packages_skip_build_finished=False, packages_select_test_failures=False, packages_skip_test_passed=False, packages_select=None, packages_skip=None, packages_select_regex=None, packages_skip_regex=None, packages_start=None, packages_end=None, allow_overriding=[], cmake_args=None, cmake_target=None, cmake_target_skip_unavailable=False, cmake_clean_cache=False, cmake_clean_first=False, cmake_force_configure=False, ament_cmake_args=None, catkin_cmake_args=None, catkin_skip_building_tests=False, verb_parser=<colcon_defaults.argument_parser.defaults.DefaultArgumentsDecorator object at 0x7f7e9ac591b0>, verb_extension=<colcon_core.verb.build.BuildVerb object at 0x7f7e9ac58c40>, main=<bound method BuildVerb.main of <colcon_core.verb.build.BuildVerb object at 0x7f7e9ac58c40>>)
[0.592s] Level 1:colcon.colcon_core.package_discovery:discover_packages(colcon_meta) check parameters
[0.592s] Level 1:colcon.colcon_core.package_discovery:discover_packages(recursive) check parameters
[0.592s] Level 1:colcon.colcon_core.package_discovery:discover_packages(ignore) check parameters
[0.592s] Level 1:colcon.colcon_core.package_discovery:discover_packages(path) check parameters
[0.592s] Level 1:colcon.colcon_core.package_discovery:discover_packages(colcon_meta) discover
[0.592s] Level 1:colcon.colcon_core.package_discovery:discover_packages(recursive) discover
[0.593s] INFO:colcon.colcon_core.package_discovery:Crawling recursively for packages in '/home/beyza/turtlebot3_ws'
[0.593s] Level 1:colcon.colcon_core.package_identification:_identify(.) by extensions ['ignore', 'ignore_ament_install']
[0.593s] Level 1:colcon.colcon_core.package_identification:_identify(.) by extension 'ignore'
[0.593s] Level 1:colcon.colcon_core.package_identification:_identify(.) by extension 'ignore_ament_install'
[0.593s] Level 1:colcon.colcon_core.package_identification:_identify(.) by extensions ['colcon_pkg']
[0.593s] Level 1:colcon.colcon_core.package_identification:_identify(.) by extension 'colcon_pkg'
[0.593s] Level 1:colcon.colcon_core.package_identification:_identify(.) by extensions ['colcon_meta']
[0.593s] Level 1:colcon.colcon_core.package_identification:_identify(.) by extension 'colcon_meta'
[0.593s] Level 1:colcon.colcon_core.package_identification:_identify(.) by extensions ['ros']
[0.593s] Level 1:colcon.colcon_core.package_identification:_identify(.) by extension 'ros'
[0.614s] Level 1:colcon.colcon_core.package_identification:_identify(.) by extensions ['cmake', 'python']
[0.615s] Level 1:colcon.colcon_core.package_identification:_identify(.) by extension 'cmake'
[0.615s] Level 1:colcon.colcon_core.package_identification:_identify(.) by extension 'python'
[0.615s] Level 1:colcon.colcon_core.package_identification:_identify(.) by extensions ['python_setup_py']
[0.615s] Level 1:colcon.colcon_core.package_identification:_identify(.) by extension 'python_setup_py'
[0.615s] Level 1:colcon.colcon_core.package_identification:_identify(build) by extensions ['ignore', 'ignore_ament_install']
[0.615s] Level 1:colcon.colcon_core.package_identification:_identify(build) by extension 'ignore'
[0.615s] Level 1:colcon.colcon_core.package_identification:_identify(build) ignored
[0.615s] Level 1:colcon.colcon_core.package_identification:_identify(install) by extensions ['ignore', 'ignore_ament_install']
[0.616s] Level 1:colcon.colcon_core.package_identification:_identify(install) by extension 'ignore'
[0.616s] Level 1:colcon.colcon_core.package_identification:_identify(install) ignored
[0.616s] Level 1:colcon.colcon_core.package_identification:_identify(log) by extensions ['ignore', 'ignore_ament_install']
[0.616s] Level 1:colcon.colcon_core.package_identification:_identify(log) by extension 'ignore'
[0.616s] Level 1:colcon.colcon_core.package_identification:_identify(log) ignored
[0.616s] Level 1:colcon.colcon_core.package_identification:_identify(src) by extensions ['ignore', 'ignore_ament_install']
[0.616s] Level 1:colcon.colcon_core.package_identification:_identify(src) by extension 'ignore'
[0.616s] Level 1:colcon.colcon_core.package_identification:_identify(src) by extension 'ignore_ament_install'
[0.616s] Level 1:colcon.colcon_core.package_identification:_identify(src) by extensions ['colcon_pkg']
[0.617s] Level 1:colcon.colcon_core.package_identification:_identify(src) by extension 'colcon_pkg'
[0.617s] Level 1:colcon.colcon_core.package_identification:_identify(src) by extensions ['colcon_meta']
[0.617s] Level 1:colcon.colcon_core.package_identification:_identify(src) by extension 'colcon_meta'
[0.617s] Level 1:colcon.colcon_core.package_identification:_identify(src) by extensions ['ros']
[0.617s] Level 1:colcon.colcon_core.package_identification:_identify(src) by extension 'ros'
[0.617s] Level 1:colcon.colcon_core.package_identification:_identify(src) by extensions ['cmake', 'python']
[0.617s] Level 1:colcon.colcon_core.package_identification:_identify(src) by extension 'cmake'
[0.617s] Level 1:colcon.colcon_core.package_identification:_identify(src) by extension 'python'
[0.617s] Level 1:colcon.colcon_core.package_identification:_identify(src) by extensions ['python_setup_py']
[0.617s] Level 1:colcon.colcon_core.package_identification:_identify(src) by extension 'python_setup_py'
[0.617s] Level 1:colcon.colcon_core.package_identification:_identify(src/turtlebot3_fake_node) by extensions ['ignore', 'ignore_ament_install']
[0.617s] Level 1:colcon.colcon_core.package_identification:_identify(src/turtlebot3_fake_node) by extension 'ignore'
[0.617s] Level 1:colcon.colcon_core.package_identification:_identify(src/turtlebot3_fake_node) by extension 'ignore_ament_install'
[0.618s] Level 1:colcon.colcon_core.package_identification:_identify(src/turtlebot3_fake_node) by extensions ['colcon_pkg']
[0.618s] Level 1:colcon.colcon_core.package_identification:_identify(src/turtlebot3_fake_node) by extension 'colcon_pkg'
[0.618s] Level 1:colcon.colcon_core.package_identification:_identify(src/turtlebot3_fake_node) by extensions ['colcon_meta']
[0.618s] Level 1:colcon.colcon_core.package_identification:_identify(src/turtlebot3_fake_node) by extension 'colcon_meta'
[0.618s] Level 1:colcon.colcon_core.package_identification:_identify(src/turtlebot3_fake_node) by extensions ['ros']
[0.618s] Level 1:colcon.colcon_core.package_identification:_identify(src/turtlebot3_fake_node) by extension 'ros'
[0.622s] DEBUG:colcon.colcon_core.package_identification:Package 'src/turtlebot3_fake_node' with type 'ros.ament_cmake' and name 'turtlebot3_fake_node'
[0.623s] Level 1:colcon.colcon_core.package_identification:_identify(src/turtlebot3_gazebo) by extensions ['ignore', 'ignore_ament_install']
[0.623s] Level 1:colcon.colcon_core.package_identification:_identify(src/turtlebot3_gazebo) by extension 'ignore'
[0.623s] Level 1:colcon.colcon_core.package_identification:_identify(src/turtlebot3_gazebo) by extension 'ignore_ament_install'
[0.623s] Level 1:colcon.colcon_core.package_identification:_identify(src/turtlebot3_gazebo) by extensions ['colcon_pkg']
[0.623s] Level 1:colcon.colcon_core.package_identification:_identify(src/turtlebot3_gazebo) by extension 'colcon_pkg'
[0.623s] Level 1:colcon.colcon_core.package_identification:_identify(src/turtlebot3_gazebo) by extensions ['colcon_meta']
[0.623s] Level 1:colcon.colcon_core.package_identification:_identify(src/turtlebot3_gazebo) by extension 'colcon_meta'
[0.623s] Level 1:colcon.colcon_core.package_identification:_identify(src/turtlebot3_gazebo) by extensions ['ros']
[0.623s] Level 1:colcon.colcon_core.package_identification:_identify(src/turtlebot3_gazebo) by extension 'ros'
[0.624s] DEBUG:colcon.colcon_core.package_identification:Package 'src/turtlebot3_gazebo' with type 'ros.ament_cmake' and name 'turtlebot3_gazebo'
[0.624s] Level 1:colcon.colcon_core.package_identification:_identify(src/turtlebot3_simulations) by extensions ['ignore', 'ignore_ament_install']
[0.624s] Level 1:colcon.colcon_core.package_identification:_identify(src/turtlebot3_simulations) by extension 'ignore'
[0.625s] Level 1:colcon.colcon_core.package_identification:_identify(src/turtlebot3_simulations) by extension 'ignore_ament_install'
[0.625s] Level 1:colcon.colcon_core.package_identification:_identify(src/turtlebot3_simulations) by extensions ['colcon_pkg']
[0.625s] Level 1:colcon.colcon_core.package_identification:_identify(src/turtlebot3_simulations) by extension 'colcon_pkg'
[0.625s] Level 1:colcon.colcon_core.package_identification:_identify(src/turtlebot3_simulations) by extensions ['colcon_meta']
[0.625s] Level 1:colcon.colcon_core.package_identification:_identify(src/turtlebot3_simulations) by extension 'colcon_meta'
[0.625s] Level 1:colcon.colcon_core.package_identification:_identify(src/turtlebot3_simulations) by extensions ['ros']
[0.625s] Level 1:colcon.colcon_core.package_identification:_identify(src/turtlebot3_simulations) by extension 'ros'
[0.625s] DEBUG:colcon.colcon_core.package_identification:Package 'src/turtlebot3_simulations' with type 'ros.ament_cmake' and name 'turtlebot3_simulations'
[0.625s] Level 1:colcon.colcon_core.package_discovery:discover_packages(recursive) using defaults
[0.625s] Level 1:colcon.colcon_core.package_discovery:discover_packages(ignore) discover
[0.626s] Level 1:colcon.colcon_core.package_discovery:discover_packages(ignore) using defaults
[0.626s] Level 1:colcon.colcon_core.package_discovery:discover_packages(path) discover
[0.626s] Level 1:colcon.colcon_core.package_discovery:discover_packages(path) using defaults
[0.666s] Level 1:colcon.colcon_core.package_discovery:discover_packages(prefix_path) check parameters
[0.666s] Level 1:colcon.colcon_core.package_discovery:discover_packages(prefix_path) discover
[0.670s] DEBUG:colcon.colcon_installed_package_information.package_discovery:Found 1 installed packages in /home/beyza/ros2_ws/install
[0.672s] DEBUG:colcon.colcon_installed_package_information.package_discovery:Found 338 installed packages in /opt/ros/humble
[0.675s] Level 1:colcon.colcon_core.package_discovery:discover_packages(prefix_path) using defaults
[0.736s] Level 5:colcon.colcon_core.verb:set package 'turtlebot3_fake_node' build argument 'cmake_args' from command line to 'None'
[0.736s] Level 5:colcon.colcon_core.verb:set package 'turtlebot3_fake_node' build argument 'cmake_target' from command line to 'None'
[0.736s] Level 5:colcon.colcon_core.verb:set package 'turtlebot3_fake_node' build argument 'cmake_target_skip_unavailable' from command line to 'False'
[0.736s] Level 5:colcon.colcon_core.verb:set package 'turtlebot3_fake_node' build argument 'cmake_clean_cache' from command line to 'False'
[0.736s] Level 5:colcon.colcon_core.verb:set package 'turtlebot3_fake_node' build argument 'cmake_clean_first' from command line to 'False'
[0.736s] Level 5:colcon.colcon_core.verb:set package 'turtlebot3_fake_node' build argument 'cmake_force_configure' from command line to 'False'
[0.736s] Level 5:colcon.colcon_core.verb:set package 'turtlebot3_fake_node' build argument 'ament_cmake_args' from command line to 'None'
[0.736s] Level 5:colcon.colcon_core.verb:set package 'turtlebot3_fake_node' build argument 'catkin_cmake_args' from command line to 'None'
[0.736s] Level 5:colcon.colcon_core.verb:set package 'turtlebot3_fake_node' build argument 'catkin_skip_building_tests' from command line to 'False'
[0.736s] DEBUG:colcon.colcon_core.verb:Building package 'turtlebot3_fake_node' with the following arguments: {'ament_cmake_args': None, 'build_base': '/home/beyza/turtlebot3_ws/build/turtlebot3_fake_node', 'catkin_cmake_args': None, 'catkin_skip_building_tests': False, 'cmake_args': None, 'cmake_clean_cache': False, 'cmake_clean_first': False, 'cmake_force_configure': False, 'cmake_target': None, 'cmake_target_skip_unavailable': False, 'install_base': '/home/beyza/turtlebot3_ws/install/turtlebot3_fake_node', 'merge_install': False, 'path': '/home/beyza/turtlebot3_ws/src/turtlebot3_fake_node', 'symlink_install': False, 'test_result_base': None}
[0.737s] Level 5:colcon.colcon_core.verb:set package 'turtlebot3_gazebo' build argument 'cmake_args' from command line to 'None'
[0.737s] Level 5:colcon.colcon_core.verb:set package 'turtlebot3_gazebo' build argument 'cmake_target' from command line to 'None'
[0.737s] Level 5:colcon.colcon_core.verb:set package 'turtlebot3_gazebo' build argument 'cmake_target_skip_unavailable' from command line to 'False'
[0.737s] Level 5:colcon.colcon_core.verb:set package 'turtlebot3_gazebo' build argument 'cmake_clean_cache' from command line to 'False'
[0.737s] Level 5:colcon.colcon_core.verb:set package 'turtlebot3_gazebo' build argument 'cmake_clean_first' from command line to 'False'
[0.737s] Level 5:colcon.colcon_core.verb:set package 'turtlebot3_gazebo' build argument 'cmake_force_configure' from command line to 'False'
[0.737s] Level 5:colcon.colcon_core.verb:set package 'turtlebot3_gazebo' build argument 'ament_cmake_args' from command line to 'None'
[0.737s] Level 5:colcon.colcon_core.verb:set package 'turtlebot3_gazebo' build argument 'catkin_cmake_args' from command line to 'None'
[0.737s] Level 5:colcon.colcon_core.verb:set package 'turtlebot3_gazebo' build argument 'catkin_skip_building_tests' from command line to 'False'
[0.737s] DEBUG:colcon.colcon_core.verb:Building package 'turtlebot3_gazebo' with the following arguments: {'ament_cmake_args': None, 'build_base': '/home/beyza/turtlebot3_ws/build/turtlebot3_gazebo', 'catkin_cmake_args': None, 'catkin_skip_building_tests': False, 'cmake_args': None, 'cmake_clean_cache': False, 'cmake_clean_first': False, 'cmake_force_configure': False, 'cmake_target': None, 'cmake_target_skip_unavailable': False, 'install_base': '/home/beyza/turtlebot3_ws/install/turtlebot3_gazebo', 'merge_install': False, 'path': '/home/beyza/turtlebot3_ws/src/turtlebot3_gazebo', 'symlink_install': False, 'test_result_base': None}
[0.739s] Level 5:colcon.colcon_core.verb:set package 'turtlebot3_simulations' build argument 'cmake_args' from command line to 'None'
[0.739s] Level 5:colcon.colcon_core.verb:set package 'turtlebot3_simulations' build argument 'cmake_target' from command line to 'None'
[0.739s] Level 5:colcon.colcon_core.verb:set package 'turtlebot3_simulations' build argument 'cmake_target_skip_unavailable' from command line to 'False'
[0.739s] Level 5:colcon.colcon_core.verb:set package 'turtlebot3_simulations' build argument 'cmake_clean_cache' from command line to 'False'
[0.739s] Level 5:colcon.colcon_core.verb:set package 'turtlebot3_simulations' build argument 'cmake_clean_first' from command line to 'False'
[0.739s] Level 5:colcon.colcon_core.verb:set package 'turtlebot3_simulations' build argument 'cmake_force_configure' from command line to 'False'
[0.739s] Level 5:colcon.colcon_core.verb:set package 'turtlebot3_simulations' build argument 'ament_cmake_args' from command line to 'None'
[0.739s] Level 5:colcon.colcon_core.verb:set package 'turtlebot3_simulations' build argument 'catkin_cmake_args' from command line to 'None'
[0.739s] Level 5:colcon.colcon_core.verb:set package 'turtlebot3_simulations' build argument 'catkin_skip_building_tests' from command line to 'False'
[0.739s] DEBUG:colcon.colcon_core.verb:Building package 'turtlebot3_simulations' with the following arguments: {'ament_cmake_args': None, 'build_base': '/home/beyza/turtlebot3_ws/build/turtlebot3_simulations', 'catkin_cmake_args': None, 'catkin_skip_building_tests': False, 'cmake_args': None, 'cmake_clean_cache': False, 'cmake_clean_first': False, 'cmake_force_configure': False, 'cmake_target': None, 'cmake_target_skip_unavailable': False, 'install_base': '/home/beyza/turtlebot3_ws/install/turtlebot3_simulations', 'merge_install': False, 'path': '/home/beyza/turtlebot3_ws/src/turtlebot3_simulations', 'symlink_install': False, 'test_result_base': None}
[0.740s] INFO:colcon.colcon_core.executor:Executing jobs using 'parallel' executor
[0.743s] DEBUG:colcon.colcon_parallel_executor.executor.parallel:run_until_complete
[0.744s] INFO:colcon.colcon_ros.task.ament_cmake.build:Building ROS package in '/home/beyza/turtlebot3_ws/src/turtlebot3_fake_node' with build type 'ament_cmake'
[0.744s] INFO:colcon.colcon_cmake.task.cmake.build:Building CMake package in '/home/beyza/turtlebot3_ws/src/turtlebot3_fake_node'
[0.750s] INFO:colcon.colcon_core.plugin_system:Skipping extension 'colcon_core.shell.bat': Not used on non-Windows systems
[0.750s] INFO:colcon.colcon_core.shell:Skip shell extension 'powershell' for command environment: Not usable outside of PowerShell
[0.750s] DEBUG:colcon.colcon_core.shell:Skip shell extension 'dsv' for command environment
[0.756s] INFO:colcon.colcon_ros.task.ament_cmake.build:Building ROS package in '/home/beyza/turtlebot3_ws/src/turtlebot3_gazebo' with build type 'ament_cmake'
[0.756s] INFO:colcon.colcon_cmake.task.cmake.build:Building CMake package in '/home/beyza/turtlebot3_ws/src/turtlebot3_gazebo'
[0.757s] INFO:colcon.colcon_core.shell:Skip shell extension 'powershell' for command environment: Not usable outside of PowerShell
[0.758s] DEBUG:colcon.colcon_core.shell:Skip shell extension 'dsv' for command environment
[0.765s] DEBUG:colcon.colcon_core.event_handler.log_command:Invoking command in '/home/beyza/turtlebot3_ws/build/turtlebot3_fake_node': CMAKE_PREFIX_PATH=/home/beyza/ros2_ws/install/my_robot_controller:/opt/ros/humble /usr/bin/cmake /home/beyza/turtlebot3_ws/src/turtlebot3_fake_node -DCMAKE_INSTALL_PREFIX=/home/beyza/turtlebot3_ws/install/turtlebot3_fake_node
[0.770s] DEBUG:colcon.colcon_core.event_handler.log_command:Invoking command in '/home/beyza/turtlebot3_ws/build/turtlebot3_gazebo': CMAKE_PREFIX_PATH=/home/beyza/ros2_ws/install/my_robot_controller:/opt/ros/humble /usr/bin/cmake /home/beyza/turtlebot3_ws/src/turtlebot3_gazebo -DCMAKE_INSTALL_PREFIX=/home/beyza/turtlebot3_ws/install/turtlebot3_gazebo
[3.001s] DEBUG:colcon.colcon_core.event_handler.log_command:Invoked command in '/home/beyza/turtlebot3_ws/build/turtlebot3_fake_node' returned '0': CMAKE_PREFIX_PATH=/home/beyza/ros2_ws/install/my_robot_controller:/opt/ros/humble /usr/bin/cmake /home/beyza/turtlebot3_ws/src/turtlebot3_fake_node -DCMAKE_INSTALL_PREFIX=/home/beyza/turtlebot3_ws/install/turtlebot3_fake_node
[3.004s] DEBUG:colcon.colcon_core.event_handler.log_command:Invoking command in '/home/beyza/turtlebot3_ws/build/turtlebot3_fake_node': CMAKE_PREFIX_PATH=/home/beyza/ros2_ws/install/my_robot_controller:/opt/ros/humble /usr/bin/cmake --build /home/beyza/turtlebot3_ws/build/turtlebot3_fake_node -- -j12 -l12
[3.669s] DEBUG:colcon.colcon_core.event_handler.log_command:Invoked command in '/home/beyza/turtlebot3_ws/build/turtlebot3_gazebo' returned '0': CMAKE_PREFIX_PATH=/home/beyza/ros2_ws/install/my_robot_controller:/opt/ros/humble /usr/bin/cmake /home/beyza/turtlebot3_ws/src/turtlebot3_gazebo -DCMAKE_INSTALL_PREFIX=/home/beyza/turtlebot3_ws/install/turtlebot3_gazebo
[3.671s] DEBUG:colcon.colcon_core.event_handler.log_command:Invoking command in '/home/beyza/turtlebot3_ws/build/turtlebot3_gazebo': CMAKE_PREFIX_PATH=/home/beyza/ros2_ws/install/my_robot_controller:/opt/ros/humble /usr/bin/cmake --build /home/beyza/turtlebot3_ws/build/turtlebot3_gazebo -- -j12 -l12
[16.717s] DEBUG:colcon.colcon_core.event_handler.log_command:Invoked command in '/home/beyza/turtlebot3_ws/build/turtlebot3_fake_node' returned '0': CMAKE_PREFIX_PATH=/home/beyza/ros2_ws/install/my_robot_controller:/opt/ros/humble /usr/bin/cmake --build /home/beyza/turtlebot3_ws/build/turtlebot3_fake_node -- -j12 -l12
[16.757s] DEBUG:colcon.colcon_core.event_handler.log_command:Invoking command in '/home/beyza/turtlebot3_ws/build/turtlebot3_fake_node': CMAKE_PREFIX_PATH=/home/beyza/ros2_ws/install/my_robot_controller:/opt/ros/humble /usr/bin/cmake --install /home/beyza/turtlebot3_ws/build/turtlebot3_fake_node
[16.777s] Level 1:colcon.colcon_core.environment:create_environment_scripts_only(turtlebot3_fake_node)
[16.778s] DEBUG:colcon.colcon_core.event_handler.log_command:Invoked command in '/home/beyza/turtlebot3_ws/build/turtlebot3_fake_node' returned '0': CMAKE_PREFIX_PATH=/home/beyza/ros2_ws/install/my_robot_controller:/opt/ros/humble /usr/bin/cmake --install /home/beyza/turtlebot3_ws/build/turtlebot3_fake_node
[16.788s] Level 1:colcon.colcon_core.environment:checking '/home/beyza/turtlebot3_ws/install/turtlebot3_fake_node' for CMake module files
[16.788s] Level 1:colcon.colcon_core.environment:checking '/home/beyza/turtlebot3_ws/install/turtlebot3_fake_node' for CMake config files
[16.789s] Level 1:colcon.colcon_core.shell:create_environment_hook('turtlebot3_fake_node', 'cmake_prefix_path')
[16.790s] INFO:colcon.colcon_core.shell:Creating environment hook '/home/beyza/turtlebot3_ws/install/turtlebot3_fake_node/share/turtlebot3_fake_node/hook/cmake_prefix_path.ps1'
[16.791s] INFO:colcon.colcon_core.shell:Creating environment descriptor '/home/beyza/turtlebot3_ws/install/turtlebot3_fake_node/share/turtlebot3_fake_node/hook/cmake_prefix_path.dsv'
[16.792s] INFO:colcon.colcon_core.shell:Creating environment hook '/home/beyza/turtlebot3_ws/install/turtlebot3_fake_node/share/turtlebot3_fake_node/hook/cmake_prefix_path.sh'
[16.793s] Level 1:colcon.colcon_core.environment:checking '/home/beyza/turtlebot3_ws/install/turtlebot3_fake_node/lib'
[16.793s] Level 1:colcon.colcon_core.environment:checking '/home/beyza/turtlebot3_ws/install/turtlebot3_fake_node/bin'
[16.793s] Level 1:colcon.colcon_core.environment:checking '/home/beyza/turtlebot3_ws/install/turtlebot3_fake_node/lib/pkgconfig/turtlebot3_fake_node.pc'
[16.793s] Level 1:colcon.colcon_core.environment:checking '/home/beyza/turtlebot3_ws/install/turtlebot3_fake_node/lib/python3.10/site-packages'
[16.794s] Level 1:colcon.colcon_core.environment:checking '/home/beyza/turtlebot3_ws/install/turtlebot3_fake_node/bin'
[16.797s] INFO:colcon.colcon_core.shell:Creating package script '/home/beyza/turtlebot3_ws/install/turtlebot3_fake_node/share/turtlebot3_fake_node/package.ps1'
[16.798s] INFO:colcon.colcon_core.shell:Creating package descriptor '/home/beyza/turtlebot3_ws/install/turtlebot3_fake_node/share/turtlebot3_fake_node/package.dsv'
[16.799s] INFO:colcon.colcon_core.shell:Creating package script '/home/beyza/turtlebot3_ws/install/turtlebot3_fake_node/share/turtlebot3_fake_node/package.sh'
[16.800s] INFO:colcon.colcon_core.shell:Creating package script '/home/beyza/turtlebot3_ws/install/turtlebot3_fake_node/share/turtlebot3_fake_node/package.bash'
[16.802s] INFO:colcon.colcon_core.shell:Creating package script '/home/beyza/turtlebot3_ws/install/turtlebot3_fake_node/share/turtlebot3_fake_node/package.zsh'
[16.803s] Level 1:colcon.colcon_core.environment:create_file_with_runtime_dependencies(/home/beyza/turtlebot3_ws/install/turtlebot3_fake_node/share/colcon-core/packages/turtlebot3_fake_node)
[16.834s] Level 1:colcon.colcon_core.environment:create_environment_scripts_only(turtlebot3_fake_node)
[16.838s] Level 1:colcon.colcon_core.environment:checking '/home/beyza/turtlebot3_ws/install/turtlebot3_fake_node' for CMake module files
[16.839s] Level 1:colcon.colcon_core.environment:checking '/home/beyza/turtlebot3_ws/install/turtlebot3_fake_node' for CMake config files
[16.839s] Level 1:colcon.colcon_core.shell:create_environment_hook('turtlebot3_fake_node', 'cmake_prefix_path')
[16.841s] INFO:colcon.colcon_core.shell:Creating environment hook '/home/beyza/turtlebot3_ws/install/turtlebot3_fake_node/share/turtlebot3_fake_node/hook/cmake_prefix_path.ps1'
[16.842s] INFO:colcon.colcon_core.shell:Creating environment descriptor '/home/beyza/turtlebot3_ws/install/turtlebot3_fake_node/share/turtlebot3_fake_node/hook/cmake_prefix_path.dsv'
[16.842s] INFO:colcon.colcon_core.shell:Creating environment hook '/home/beyza/turtlebot3_ws/install/turtlebot3_fake_node/share/turtlebot3_fake_node/hook/cmake_prefix_path.sh'
[16.843s] Level 1:colcon.colcon_core.environment:checking '/home/beyza/turtlebot3_ws/install/turtlebot3_fake_node/lib'
[16.843s] Level 1:colcon.colcon_core.environment:checking '/home/beyza/turtlebot3_ws/install/turtlebot3_fake_node/bin'
[16.844s] Level 1:colcon.colcon_core.environment:checking '/home/beyza/turtlebot3_ws/install/turtlebot3_fake_node/lib/pkgconfig/turtlebot3_fake_node.pc'
[16.844s] Level 1:colcon.colcon_core.environment:checking '/home/beyza/turtlebot3_ws/install/turtlebot3_fake_node/lib/python3.10/site-packages'
[16.844s] Level 1:colcon.colcon_core.environment:checking '/home/beyza/turtlebot3_ws/install/turtlebot3_fake_node/bin'
[16.847s] INFO:colcon.colcon_core.shell:Creating package script '/home/beyza/turtlebot3_ws/install/turtlebot3_fake_node/share/turtlebot3_fake_node/package.ps1'
[16.847s] INFO:colcon.colcon_core.shell:Creating package descriptor '/home/beyza/turtlebot3_ws/install/turtlebot3_fake_node/share/turtlebot3_fake_node/package.dsv'
[16.848s] INFO:colcon.colcon_core.shell:Creating package script '/home/beyza/turtlebot3_ws/install/turtlebot3_fake_node/share/turtlebot3_fake_node/package.sh'
[16.848s] INFO:colcon.colcon_core.shell:Creating package script '/home/beyza/turtlebot3_ws/install/turtlebot3_fake_node/share/turtlebot3_fake_node/package.bash'
[16.849s] INFO:colcon.colcon_core.shell:Creating package script '/home/beyza/turtlebot3_ws/install/turtlebot3_fake_node/share/turtlebot3_fake_node/package.zsh'
[16.849s] Level 1:colcon.colcon_core.environment:create_file_with_runtime_dependencies(/home/beyza/turtlebot3_ws/install/turtlebot3_fake_node/share/colcon-core/packages/turtlebot3_fake_node)
[20.274s] DEBUG:colcon.colcon_core.event_handler.log_command:Invoked command in '/home/beyza/turtlebot3_ws/build/turtlebot3_gazebo' returned '0': CMAKE_PREFIX_PATH=/home/beyza/ros2_ws/install/my_robot_controller:/opt/ros/humble /usr/bin/cmake --build /home/beyza/turtlebot3_ws/build/turtlebot3_gazebo -- -j12 -l12
[20.305s] DEBUG:colcon.colcon_core.event_handler.log_command:Invoking command in '/home/beyza/turtlebot3_ws/build/turtlebot3_gazebo': CMAKE_PREFIX_PATH=/home/beyza/ros2_ws/install/my_robot_controller:/opt/ros/humble /usr/bin/cmake --install /home/beyza/turtlebot3_ws/build/turtlebot3_gazebo
[20.331s] Level 1:colcon.colcon_core.environment:create_environment_scripts_only(turtlebot3_gazebo)
[20.333s] Level 1:colcon.colcon_core.environment:checking '/home/beyza/turtlebot3_ws/install/turtlebot3_gazebo' for CMake module files
[20.334s] DEBUG:colcon.colcon_core.event_handler.log_command:Invoked command in '/home/beyza/turtlebot3_ws/build/turtlebot3_gazebo' returned '0': CMAKE_PREFIX_PATH=/home/beyza/ros2_ws/install/my_robot_controller:/opt/ros/humble /usr/bin/cmake --install /home/beyza/turtlebot3_ws/build/turtlebot3_gazebo
[20.335s] Level 1:colcon.colcon_core.environment:checking '/home/beyza/turtlebot3_ws/install/turtlebot3_gazebo' for CMake config files
[20.335s] Level 1:colcon.colcon_core.shell:create_environment_hook('turtlebot3_gazebo', 'cmake_prefix_path')
[20.336s] INFO:colcon.colcon_core.shell:Creating environment hook '/home/beyza/turtlebot3_ws/install/turtlebot3_gazebo/share/turtlebot3_gazebo/hook/cmake_prefix_path.ps1'
[20.336s] INFO:colcon.colcon_core.shell:Creating environment descriptor '/home/beyza/turtlebot3_ws/install/turtlebot3_gazebo/share/turtlebot3_gazebo/hook/cmake_prefix_path.dsv'
[20.337s] INFO:colcon.colcon_core.shell:Creating environment hook '/home/beyza/turtlebot3_ws/install/turtlebot3_gazebo/share/turtlebot3_gazebo/hook/cmake_prefix_path.sh'
[20.337s] Level 1:colcon.colcon_core.environment:checking '/home/beyza/turtlebot3_ws/install/turtlebot3_gazebo/lib'
[20.337s] Level 1:colcon.colcon_core.environment:checking '/home/beyza/turtlebot3_ws/install/turtlebot3_gazebo/bin'
[20.337s] Level 1:colcon.colcon_core.environment:checking '/home/beyza/turtlebot3_ws/install/turtlebot3_gazebo/lib/pkgconfig/turtlebot3_gazebo.pc'
[20.337s] Level 1:colcon.colcon_core.environment:checking '/home/beyza/turtlebot3_ws/install/turtlebot3_gazebo/lib/python3.10/site-packages'
[20.338s] Level 1:colcon.colcon_core.environment:checking '/home/beyza/turtlebot3_ws/install/turtlebot3_gazebo/bin'
[20.339s] INFO:colcon.colcon_core.shell:Creating package script '/home/beyza/turtlebot3_ws/install/turtlebot3_gazebo/share/turtlebot3_gazebo/package.ps1'
[20.339s] INFO:colcon.colcon_core.shell:Creating package descriptor '/home/beyza/turtlebot3_ws/install/turtlebot3_gazebo/share/turtlebot3_gazebo/package.dsv'
[20.339s] INFO:colcon.colcon_core.shell:Creating package script '/home/beyza/turtlebot3_ws/install/turtlebot3_gazebo/share/turtlebot3_gazebo/package.sh'
[20.340s] INFO:colcon.colcon_core.shell:Creating package script '/home/beyza/turtlebot3_ws/install/turtlebot3_gazebo/share/turtlebot3_gazebo/package.bash'
[20.340s] INFO:colcon.colcon_core.shell:Creating package script '/home/beyza/turtlebot3_ws/install/turtlebot3_gazebo/share/turtlebot3_gazebo/package.zsh'
[20.340s] Level 1:colcon.colcon_core.environment:create_file_with_runtime_dependencies(/home/beyza/turtlebot3_ws/install/turtlebot3_gazebo/share/colcon-core/packages/turtlebot3_gazebo)
[20.375s] Level 1:colcon.colcon_core.environment:create_environment_scripts_only(turtlebot3_gazebo)
[20.377s] Level 1:colcon.colcon_core.environment:checking '/home/beyza/turtlebot3_ws/install/turtlebot3_gazebo' for CMake module files
[20.377s] Level 1:colcon.colcon_core.environment:checking '/home/beyza/turtlebot3_ws/install/turtlebot3_gazebo' for CMake config files
[20.377s] Level 1:colcon.colcon_core.shell:create_environment_hook('turtlebot3_gazebo', 'cmake_prefix_path')
[20.379s] INFO:colcon.colcon_core.shell:Creating environment hook '/home/beyza/turtlebot3_ws/install/turtlebot3_gazebo/share/turtlebot3_gazebo/hook/cmake_prefix_path.ps1'
[20.379s] INFO:colcon.colcon_core.shell:Creating environment descriptor '/home/beyza/turtlebot3_ws/install/turtlebot3_gazebo/share/turtlebot3_gazebo/hook/cmake_prefix_path.dsv'
[20.380s] INFO:colcon.colcon_core.shell:Creating environment hook '/home/beyza/turtlebot3_ws/install/turtlebot3_gazebo/share/turtlebot3_gazebo/hook/cmake_prefix_path.sh'
[20.380s] Level 1:colcon.colcon_core.environment:checking '/home/beyza/turtlebot3_ws/install/turtlebot3_gazebo/lib'
[20.380s] Level 1:colcon.colcon_core.environment:checking '/home/beyza/turtlebot3_ws/install/turtlebot3_gazebo/bin'
[20.380s] Level 1:colcon.colcon_core.environment:checking '/home/beyza/turtlebot3_ws/install/turtlebot3_gazebo/lib/pkgconfig/turtlebot3_gazebo.pc'
[20.380s] Level 1:colcon.colcon_core.environment:checking '/home/beyza/turtlebot3_ws/install/turtlebot3_gazebo/lib/python3.10/site-packages'
[20.381s] Level 1:colcon.colcon_core.environment:checking '/home/beyza/turtlebot3_ws/install/turtlebot3_gazebo/bin'
[20.382s] INFO:colcon.colcon_core.shell:Creating package script '/home/beyza/turtlebot3_ws/install/turtlebot3_gazebo/share/turtlebot3_gazebo/package.ps1'
[20.382s] INFO:colcon.colcon_core.shell:Creating package descriptor '/home/beyza/turtlebot3_ws/install/turtlebot3_gazebo/share/turtlebot3_gazebo/package.dsv'
[20.383s] INFO:colcon.colcon_core.shell:Creating package script '/home/beyza/turtlebot3_ws/install/turtlebot3_gazebo/share/turtlebot3_gazebo/package.sh'
[20.383s] INFO:colcon.colcon_core.shell:Creating package script '/home/beyza/turtlebot3_ws/install/turtlebot3_gazebo/share/turtlebot3_gazebo/package.bash'
[20.383s] INFO:colcon.colcon_core.shell:Creating package script '/home/beyza/turtlebot3_ws/install/turtlebot3_gazebo/share/turtlebot3_gazebo/package.zsh'
[20.384s] Level 1:colcon.colcon_core.environment:create_file_with_runtime_dependencies(/home/beyza/turtlebot3_ws/install/turtlebot3_gazebo/share/colcon-core/packages/turtlebot3_gazebo)
[20.384s] INFO:colcon.colcon_ros.task.ament_cmake.build:Building ROS package in '/home/beyza/turtlebot3_ws/src/turtlebot3_simulations' with build type 'ament_cmake'
[20.384s] INFO:colcon.colcon_cmake.task.cmake.build:Building CMake package in '/home/beyza/turtlebot3_ws/src/turtlebot3_simulations'
[20.386s] INFO:colcon.colcon_core.shell:Skip shell extension 'powershell' for command environment: Not usable outside of PowerShell
[20.386s] DEBUG:colcon.colcon_core.shell:Skip shell extension 'dsv' for command environment
[20.396s] DEBUG:colcon.colcon_core.event_handler.log_command:Invoking command in '/home/beyza/turtlebot3_ws/build/turtlebot3_simulations': AMENT_PREFIX_PATH=/home/beyza/turtlebot3_ws/install/turtlebot3_gazebo:/home/beyza/turtlebot3_ws/install/turtlebot3_fake_node:${AMENT_PREFIX_PATH} CMAKE_PREFIX_PATH=/home/beyza/turtlebot3_ws/install/turtlebot3_gazebo:/home/beyza/turtlebot3_ws/install/turtlebot3_fake_node:/home/beyza/ros2_ws/install/my_robot_controller:/opt/ros/humble /usr/bin/cmake /home/beyza/turtlebot3_ws/src/turtlebot3_simulations -DCMAKE_INSTALL_PREFIX=/home/beyza/turtlebot3_ws/install/turtlebot3_simulations
[20.977s] DEBUG:colcon.colcon_core.event_handler.log_command:Invoked command in '/home/beyza/turtlebot3_ws/build/turtlebot3_simulations' returned '0': AMENT_PREFIX_PATH=/home/beyza/turtlebot3_ws/install/turtlebot3_gazebo:/home/beyza/turtlebot3_ws/install/turtlebot3_fake_node:${AMENT_PREFIX_PATH} CMAKE_PREFIX_PATH=/home/beyza/turtlebot3_ws/install/turtlebot3_gazebo:/home/beyza/turtlebot3_ws/install/turtlebot3_fake_node:/home/beyza/ros2_ws/install/my_robot_controller:/opt/ros/humble /usr/bin/cmake /home/beyza/turtlebot3_ws/src/turtlebot3_simulations -DCMAKE_INSTALL_PREFIX=/home/beyza/turtlebot3_ws/install/turtlebot3_simulations
[20.978s] DEBUG:colcon.colcon_core.event_handler.log_command:Invoking command in '/home/beyza/turtlebot3_ws/build/turtlebot3_simulations': AMENT_PREFIX_PATH=/home/beyza/turtlebot3_ws/install/turtlebot3_gazebo:/home/beyza/turtlebot3_ws/install/turtlebot3_fake_node:${AMENT_PREFIX_PATH} CMAKE_PREFIX_PATH=/home/beyza/turtlebot3_ws/install/turtlebot3_gazebo:/home/beyza/turtlebot3_ws/install/turtlebot3_fake_node:/home/beyza/ros2_ws/install/my_robot_controller:/opt/ros/humble /usr/bin/cmake --build /home/beyza/turtlebot3_ws/build/turtlebot3_simulations -- -j12 -l12
[21.015s] DEBUG:colcon.colcon_core.event_handler.log_command:Invoked command in '/home/beyza/turtlebot3_ws/build/turtlebot3_simulations' returned '0': AMENT_PREFIX_PATH=/home/beyza/turtlebot3_ws/install/turtlebot3_gazebo:/home/beyza/turtlebot3_ws/install/turtlebot3_fake_node:${AMENT_PREFIX_PATH} CMAKE_PREFIX_PATH=/home/beyza/turtlebot3_ws/install/turtlebot3_gazebo:/home/beyza/turtlebot3_ws/install/turtlebot3_fake_node:/home/beyza/ros2_ws/install/my_robot_controller:/opt/ros/humble /usr/bin/cmake --build /home/beyza/turtlebot3_ws/build/turtlebot3_simulations -- -j12 -l12
[21.036s] DEBUG:colcon.colcon_core.event_handler.log_command:Invoking command in '/home/beyza/turtlebot3_ws/build/turtlebot3_simulations': AMENT_PREFIX_PATH=/home/beyza/turtlebot3_ws/install/turtlebot3_gazebo:/home/beyza/turtlebot3_ws/install/turtlebot3_fake_node:${AMENT_PREFIX_PATH} CMAKE_PREFIX_PATH=/home/beyza/turtlebot3_ws/install/turtlebot3_gazebo:/home/beyza/turtlebot3_ws/install/turtlebot3_fake_node:/home/beyza/ros2_ws/install/my_robot_controller:/opt/ros/humble /usr/bin/cmake --install /home/beyza/turtlebot3_ws/build/turtlebot3_simulations
[21.046s] Level 1:colcon.colcon_core.environment:create_environment_scripts_only(turtlebot3_simulations)
[21.050s] Level 1:colcon.colcon_core.environment:checking '/home/beyza/turtlebot3_ws/install/turtlebot3_simulations' for CMake module files
[21.051s] DEBUG:colcon.colcon_core.event_handler.log_command:Invoked command in '/home/beyza/turtlebot3_ws/build/turtlebot3_simulations' returned '0': AMENT_PREFIX_PATH=/home/beyza/turtlebot3_ws/install/turtlebot3_gazebo:/home/beyza/turtlebot3_ws/install/turtlebot3_fake_node:${AMENT_PREFIX_PATH} CMAKE_PREFIX_PATH=/home/beyza/turtlebot3_ws/install/turtlebot3_gazebo:/home/beyza/turtlebot3_ws/install/turtlebot3_fake_node:/home/beyza/ros2_ws/install/my_robot_controller:/opt/ros/humble /usr/bin/cmake --install /home/beyza/turtlebot3_ws/build/turtlebot3_simulations
[21.051s] Level 1:colcon.colcon_core.environment:checking '/home/beyza/turtlebot3_ws/install/turtlebot3_simulations' for CMake config files
[21.051s] Level 1:colcon.colcon_core.shell:create_environment_hook('turtlebot3_simulations', 'cmake_prefix_path')
[21.053s] INFO:colcon.colcon_core.shell:Creating environment hook '/home/beyza/turtlebot3_ws/install/turtlebot3_simulations/share/turtlebot3_simulations/hook/cmake_prefix_path.ps1'
[21.054s] INFO:colcon.colcon_core.shell:Creating environment descriptor '/home/beyza/turtlebot3_ws/install/turtlebot3_simulations/share/turtlebot3_simulations/hook/cmake_prefix_path.dsv'
[21.054s] INFO:colcon.colcon_core.shell:Creating environment hook '/home/beyza/turtlebot3_ws/install/turtlebot3_simulations/share/turtlebot3_simulations/hook/cmake_prefix_path.sh'
[21.054s] Level 1:colcon.colcon_core.environment:checking '/home/beyza/turtlebot3_ws/install/turtlebot3_simulations/bin'
[21.054s] Level 1:colcon.colcon_core.environment:checking '/home/beyza/turtlebot3_ws/install/turtlebot3_simulations/lib/pkgconfig/turtlebot3_simulations.pc'
[21.055s] Level 1:colcon.colcon_core.environment:checking '/home/beyza/turtlebot3_ws/install/turtlebot3_simulations/lib/python3.10/site-packages'
[21.055s] Level 1:colcon.colcon_core.environment:checking '/home/beyza/turtlebot3_ws/install/turtlebot3_simulations/bin'
[21.057s] INFO:colcon.colcon_core.shell:Creating package script '/home/beyza/turtlebot3_ws/install/turtlebot3_simulations/share/turtlebot3_simulations/package.ps1'
[21.058s] INFO:colcon.colcon_core.shell:Creating package descriptor '/home/beyza/turtlebot3_ws/install/turtlebot3_simulations/share/turtlebot3_simulations/package.dsv'
[21.058s] INFO:colcon.colcon_core.shell:Creating package script '/home/beyza/turtlebot3_ws/install/turtlebot3_simulations/share/turtlebot3_simulations/package.sh'
[21.058s] INFO:colcon.colcon_core.shell:Creating package script '/home/beyza/turtlebot3_ws/install/turtlebot3_simulations/share/turtlebot3_simulations/package.bash'
[21.059s] INFO:colcon.colcon_core.shell:Creating package script '/home/beyza/turtlebot3_ws/install/turtlebot3_simulations/share/turtlebot3_simulations/package.zsh'
[21.059s] Level 1:colcon.colcon_core.environment:create_file_with_runtime_dependencies(/home/beyza/turtlebot3_ws/install/turtlebot3_simulations/share/colcon-core/packages/turtlebot3_simulations)
[21.082s] Level 1:colcon.colcon_core.environment:create_environment_scripts_only(turtlebot3_simulations)
[21.083s] Level 1:colcon.colcon_core.environment:checking '/home/beyza/turtlebot3_ws/install/turtlebot3_simulations' for CMake module files
[21.084s] Level 1:colcon.colcon_core.environment:checking '/home/beyza/turtlebot3_ws/install/turtlebot3_simulations' for CMake config files
[21.084s] Level 1:colcon.colcon_core.shell:create_environment_hook('turtlebot3_simulations', 'cmake_prefix_path')
[21.085s] INFO:colcon.colcon_core.shell:Creating environment hook '/home/beyza/turtlebot3_ws/install/turtlebot3_simulations/share/turtlebot3_simulations/hook/cmake_prefix_path.ps1'
[21.085s] INFO:colcon.colcon_core.shell:Creating environment descriptor '/home/beyza/turtlebot3_ws/install/turtlebot3_simulations/share/turtlebot3_simulations/hook/cmake_prefix_path.dsv'
[21.086s] INFO:colcon.colcon_core.shell:Creating environment hook '/home/beyza/turtlebot3_ws/install/turtlebot3_simulations/share/turtlebot3_simulations/hook/cmake_prefix_path.sh'
[21.086s] Level 1:colcon.colcon_core.environment:checking '/home/beyza/turtlebot3_ws/install/turtlebot3_simulations/bin'
[21.086s] Level 1:colcon.colcon_core.environment:checking '/home/beyza/turtlebot3_ws/install/turtlebot3_simulations/lib/pkgconfig/turtlebot3_simulations.pc'
[21.086s] Level 1:colcon.colcon_core.environment:checking '/home/beyza/turtlebot3_ws/install/turtlebot3_simulations/lib/python3.10/site-packages'
[21.086s] Level 1:colcon.colcon_core.environment:checking '/home/beyza/turtlebot3_ws/install/turtlebot3_simulations/bin'
[21.088s] INFO:colcon.colcon_core.shell:Creating package script '/home/beyza/turtlebot3_ws/install/turtlebot3_simulations/share/turtlebot3_simulations/package.ps1'
[21.088s] INFO:colcon.colcon_core.shell:Creating package descriptor '/home/beyza/turtlebot3_ws/install/turtlebot3_simulations/share/turtlebot3_simulations/package.dsv'
[21.088s] INFO:colcon.colcon_core.shell:Creating package script '/home/beyza/turtlebot3_ws/install/turtlebot3_simulations/share/turtlebot3_simulations/package.sh'
[21.089s] INFO:colcon.colcon_core.shell:Creating package script '/home/beyza/turtlebot3_ws/install/turtlebot3_simulations/share/turtlebot3_simulations/package.bash'
[21.089s] INFO:colcon.colcon_core.shell:Creating package script '/home/beyza/turtlebot3_ws/install/turtlebot3_simulations/share/turtlebot3_simulations/package.zsh'
[21.089s] Level 1:colcon.colcon_core.environment:create_file_with_runtime_dependencies(/home/beyza/turtlebot3_ws/install/turtlebot3_simulations/share/colcon-core/packages/turtlebot3_simulations)
[21.089s] DEBUG:colcon.colcon_parallel_executor.executor.parallel:closing loop
[21.090s] DEBUG:colcon.colcon_parallel_executor.executor.parallel:loop closed
[21.090s] DEBUG:colcon.colcon_parallel_executor.executor.parallel:run_until_complete finished with '0'
[21.090s] DEBUG:colcon.colcon_core.event_reactor:joining thread
[21.097s] INFO:colcon.colcon_core.plugin_system:Skipping extension 'colcon_notification.desktop_notification.terminal_notifier': Not used on non-Darwin systems
[21.097s] INFO:colcon.colcon_core.plugin_system:Skipping extension 'colcon_notification.desktop_notification.win32': Not used on non-Windows systems
[21.097s] INFO:colcon.colcon_notification.desktop_notification:Sending desktop notification using 'notify2'
[21.110s] DEBUG:colcon.colcon_core.event_reactor:joined thread
[21.111s] INFO:colcon.colcon_core.shell:Creating prefix script '/home/beyza/turtlebot3_ws/install/local_setup.ps1'
[21.112s] INFO:colcon.colcon_core.shell:Creating prefix util module '/home/beyza/turtlebot3_ws/install/_local_setup_util_ps1.py'
[21.114s] INFO:colcon.colcon_core.shell:Creating prefix chain script '/home/beyza/turtlebot3_ws/install/setup.ps1'
[21.115s] INFO:colcon.colcon_core.shell:Creating prefix script '/home/beyza/turtlebot3_ws/install/local_setup.sh'
[21.116s] INFO:colcon.colcon_core.shell:Creating prefix util module '/home/beyza/turtlebot3_ws/install/_local_setup_util_sh.py'
[21.116s] INFO:colcon.colcon_core.shell:Creating prefix chain script '/home/beyza/turtlebot3_ws/install/setup.sh'
[21.117s] INFO:colcon.colcon_core.shell:Creating prefix script '/home/beyza/turtlebot3_ws/install/local_setup.bash'
[21.118s] INFO:colcon.colcon_core.shell:Creating prefix chain script '/home/beyza/turtlebot3_ws/install/setup.bash'
[21.119s] INFO:colcon.colcon_core.shell:Creating prefix script '/home/beyza/turtlebot3_ws/install/local_setup.zsh'
[21.120s] INFO:colcon.colcon_core.shell:Creating prefix chain script '/home/beyza/turtlebot3_ws/install/setup.zsh'
